# JRE version: OpenJDK Runtime Environment (21.0.3) (build 21.0.3+-12282718-b509.11)
# Java VM: OpenJDK 64-Bit Server VM (21.0.3+-12282718-b509.11, mixed mode, tiered, compressed oops, compressed class ptrs, g1 gc, windows-amd64)
GC Precious Log:
 CardTable entry size: 512
 Card Set container configuration: InlinePtr #cards 5 size 8 Array Of Cards #cards 12 size 40 Howl #buckets 4 coarsen threshold 1843 Howl Bitmap #cards 512 size 80 coarsen threshold 460 Card regions per heap region 1 cards per card region 2048
 CPUs: 4 total, 4 available
 Memory: 3784M
 Large Page Support: Disabled
 NUMA Support: Disabled
 Compressed Oops: Enabled (32-bit)
 Heap Region Size: 1M
 Heap Min Capacity: 8M
 Heap Initial Capacity: 60M
 Heap Max Capacity: 2G
 Pre-touch: Disabled
 Parallel Workers: 4
 Concurrent Workers: 1
 Concurrent Refinement Workers: 4
 Periodic GC: Disabled
Heap:
 garbage-first heap   total 128000K, used 84638K [0x0000000080000000, 0x0000000100000000)
  region size 1024K, 17 young (17408K), 1 survivors (1024K)
 Metaspace       used 58199K, committed 59712K, reserved 1114112K
  class space    used 7838K, committed 8576K, reserved 1048576K
GC Heap History (20 events):
Event: 10.879 GC heap before
{Heap before GC invocations=11 (full 0):
 garbage-first heap   total 67584K, used 58847K [0x0000000080000000, 0x0000000100000000)
  region size 1024K, 21 young (21504K), 4 survivors (4096K)
 Metaspace       used 38592K, committed 39616K, reserved 1114112K
  class space    used 5330K, committed 5824K, reserved 1048576K
}
Event: 10.886 GC heap after
{Heap after GC invocations=12 (full 0):
 garbage-first heap   total 67584K, used 42269K [0x0000000080000000, 0x0000000100000000)
  region size 1024K, 2 young (2048K), 2 survivors (2048K)
 Metaspace       used 38592K, committed 39616K, reserved 1114112K
  class space    used 5330K, committed 5824K, reserved 1048576K
}
Event: 11.255 GC heap before
{Heap before GC invocations=12 (full 0):
 garbage-first heap   total 67584K, used 59677K [0x0000000080000000, 0x0000000100000000)
  region size 1024K, 19 young (19456K), 2 survivors (2048K)
 Metaspace       used 41073K, committed 42176K, reserved 1114112K
  class space    used 5720K, committed 6272K, reserved 1048576K
}
Event: 11.259 GC heap after
{Heap after GC invocations=13 (full 0):
 garbage-first heap   total 67584K, used 42972K [0x0000000080000000, 0x0000000100000000)
  region size 1024K, 2 young (2048K), 2 survivors (2048K)
 Metaspace       used 41073K, committed 42176K, reserved 1114112K
  class space    used 5720K, committed 6272K, reserved 1048576K
}
Event: 11.774 GC heap before
{Heap before GC invocations=14 (full 0):
 garbage-first heap   total 75776K, used 58332K [0x0000000080000000, 0x0000000100000000)
  region size 1024K, 18 young (18432K), 2 survivors (2048K)
 Metaspace       used 43875K, committed 45120K, reserved 1114112K
  class space    used 6091K, committed 6720K, reserved 1048576K
}
Event: 11.780 GC heap after
{Heap after GC invocations=15 (full 0):
 garbage-first heap   total 75776K, used 44670K [0x0000000080000000, 0x0000000100000000)
  region size 1024K, 3 young (3072K), 3 survivors (3072K)
 Metaspace       used 43875K, committed 45120K, reserved 1114112K
  class space    used 6091K, committed 6720K, reserved 1048576K
}
Event: 12.441 GC heap before
{Heap before GC invocations=15 (full 0):
 garbage-first heap   total 75776K, used 65150K [0x0000000080000000, 0x0000000100000000)
  region size 1024K, 24 young (24576K), 3 survivors (3072K)
 Metaspace       used 47917K, committed 49152K, reserved 1114112K
  class space    used 6510K, committed 7104K, reserved 1048576K
}
Event: 12.448 GC heap after
{Heap after GC invocations=16 (full 0):
 garbage-first heap   total 75776K, used 46982K [0x0000000080000000, 0x0000000100000000)
  region size 1024K, 3 young (3072K), 3 survivors (3072K)
 Metaspace       used 47917K, committed 49152K, reserved 1114112K
  class space    used 6510K, committed 7104K, reserved 1048576K
}
Event: 12.771 GC heap before
{Heap before GC invocations=16 (full 0):
 garbage-first heap   total 75776K, used 65414K [0x0000000080000000, 0x0000000100000000)
  region size 1024K, 23 young (23552K), 3 survivors (3072K)
 Metaspace       used 48425K, committed 49664K, reserved 1114112K
  class space    used 6561K, committed 7168K, reserved 1048576K
}
Event: 12.777 GC heap after
{Heap after GC invocations=17 (full 0):
 garbage-first heap   total 91136K, used 48625K [0x0000000080000000, 0x0000000100000000)
  region size 1024K, 3 young (3072K), 3 survivors (3072K)
 Metaspace       used 48425K, committed 49664K, reserved 1114112K
  class space    used 6561K, committed 7168K, reserved 1048576K
}
Event: 12.784 GC heap before
{Heap before GC invocations=17 (full 0):
 garbage-first heap   total 91136K, used 49649K [0x0000000080000000, 0x0000000100000000)
  region size 1024K, 4 young (4096K), 3 survivors (3072K)
 Metaspace       used 48425K, committed 49664K, reserved 1114112K
  class space    used 6561K, committed 7168K, reserved 1048576K
}
Event: 12.787 GC heap after
{Heap after GC invocations=18 (full 0):
 garbage-first heap   total 91136K, used 49104K [0x0000000080000000, 0x0000000100000000)
  region size 1024K, 1 young (1024K), 1 survivors (1024K)
 Metaspace       used 48425K, committed 49664K, reserved 1114112K
  class space    used 6561K, committed 7168K, reserved 1048576K
}
Event: 14.381 GC heap before
{Heap before GC invocations=19 (full 0):
 garbage-first heap   total 92160K, used 82896K [0x0000000080000000, 0x0000000100000000)
  region size 1024K, 31 young (31744K), 1 survivors (1024K)
 Metaspace       used 53233K, committed 54592K, reserved 1114112K
  class space    used 7194K, committed 7872K, reserved 1048576K
}
Event: 14.385 GC heap after
{Heap after GC invocations=20 (full 0):
 garbage-first heap   total 92160K, used 50220K [0x0000000080000000, 0x0000000100000000)
  region size 1024K, 3 young (3072K), 3 survivors (3072K)
 Metaspace       used 53233K, committed 54592K, reserved 1114112K
  class space    used 7194K, committed 7872K, reserved 1048576K
}
Event: 17.644 GC heap before
{Heap before GC invocations=20 (full 0):
 garbage-first heap   total 92160K, used 90156K [0x0000000080000000, 0x0000000100000000)
  region size 1024K, 29 young (29696K), 3 survivors (3072K)
 Metaspace       used 55157K, committed 56640K, reserved 1114112K
  class space    used 7476K, committed 8192K, reserved 1048576K
}
Event: 17.652 GC heap after
{Heap after GC invocations=21 (full 0):
 garbage-first heap   total 101376K, used 69986K [0x0000000080000000, 0x0000000100000000)
  region size 1024K, 5 young (5120K), 5 survivors (5120K)
 Metaspace       used 55157K, committed 56640K, reserved 1114112K
  class space    used 7476K, committed 8192K, reserved 1048576K
}
Event: 17.654 GC heap before
{Heap before GC invocations=21 (full 0):
 garbage-first heap   total 101376K, used 69986K [0x0000000080000000, 0x0000000100000000)
  region size 1024K, 6 young (6144K), 5 survivors (5120K)
 Metaspace       used 55157K, committed 56640K, reserved 1114112K
  class space    used 7476K, committed 8192K, reserved 1048576K
}
Event: 17.659 GC heap after
{Heap after GC invocations=22 (full 0):
 garbage-first heap   total 101376K, used 70726K [0x0000000080000000, 0x0000000100000000)
  region size 1024K, 1 young (1024K), 1 survivors (1024K)
 Metaspace       used 55157K, committed 56640K, reserved 1114112K
  class space    used 7476K, committed 8192K, reserved 1048576K
}
Event: 17.919 GC heap before
{Heap before GC invocations=23 (full 0):
 garbage-first heap   total 128000K, used 89158K [0x0000000080000000, 0x0000000100000000)
  region size 1024K, 17 young (17408K), 1 survivors (1024K)
 Metaspace       used 56939K, committed 58368K, reserved 1114112K
  class space    used 7632K, committed 8320K, reserved 1048576K
}
Event: 17.922 GC heap after
{Heap after GC invocations=24 (full 0):
 garbage-first heap   total 128000K, used 70302K [0x0000000080000000, 0x0000000100000000)
  region size 1024K, 1 young (1024K), 1 survivors (1024K)
 Metaspace       used 56939K, committed 58368K, reserved 1114112K
  class space    used 7632K, committed 8320K, reserved 1048576K
}

